<?xml version="1.0" encoding="utf-8" standalone="no"?>
<!--This file represents the results of running a test suite-->
<test-results name="C:\Projetos\rdu_separatodesignxom\trunk\src\SDT\SDTView\SDTView.csproj" total="0" errors="0" failures="0" not-run="0" inconclusive="0" ignored="0" skipped="0" invalid="0" date="2014-12-02" time="10:38:38">
  <environment nunit-version="2.6.3.13283" clr-version="2.0.50727.5472" os-version="Microsoft Windows NT 6.1.7601 Service Pack 1" platform="Win32NT" cwd="C:\Program Files (x86)\NUnit 2.6.3\bin" machine-name="RDXWKS093" user="thaynara.santos" user-domain="RADIXENGRJ" />
  <culture-info current-culture="pt-BR" current-uiculture="pt-BR" />
  <test-suite type="Project" name="C:\Projetos\rdu_separatodesignxom\trunk\src\SDT\SDTView\SDTView.csproj" executed="True" result="Inconclusive" success="False" time="0.048" asserts="0">
    <results>
      <test-suite type="Assembly" name="C:\Projetos\rdu_separatodesignxom\trunk\src\SDT\SDTView\bin\Debug\SDTView.exe" executed="True" result="Inconclusive" success="False" time="0.005" asserts="0" />
    </results>
  </test-suite>
</test-results>